<?xml version="1.0" encoding="UTF-8"?>
<testsuite xmlns:xsi="http://www.w3.org/2001/XMLSchema-instance" xsi:noNamespaceSchemaLocation="https://maven.apache.org/surefire/maven-surefire-plugin/xsd/surefire-test-report-3.0.xsd" version="3.0" name="SetUpClass.TestRunner" time="176.836" tests="6" errors="6" skipped="0" failures="0">
  <properties>
[...]
</properties>
  <testcase name="verify the 5OFF coupon for free accounts for individual" classname="verify the 5OFF coupon" time="120.22">
    <error message="chrome not reachable&#10;  (Session info: chrome=105.0.5195.102)&#10;Build info: version: &apos;3.141.59&apos;, revision: &apos;e82be7d358&apos;, time: &apos;2018-11-14T08:17:03&apos;&#10;System info: host: &apos;SLIDEQA2&apos;, ip: &apos;192.168.0.107&apos;, os.name: &apos;Windows 10&apos;, os.arch: &apos;amd64&apos;, os.version: &apos;10.0&apos;, java.version: &apos;17&apos;&#10;Driver info: org.openqa.selenium.chrome.ChromeDriver&#10;Capabilities {acceptInsecureCerts: false, browserName: chrome, browserVersion: 105.0.5195.102, chrome: {chromedriverVersion: 105.0.5195.52 (412c95e51883..., userDataDir: C:\Users\SLIDEQ~1\AppData\L...}, goog:chromeOptions: {debuggerAddress: localhost:49912}, javascriptEnabled: true, networkConnectionEnabled: false, pageLoadStrategy: normal, platform: WINDOWS, platformName: WINDOWS, proxy: Proxy(), setWindowRect: true, strictFileInteractability: false, timeouts: {implicit: 0, pageLoad: 300000, script: 30000}, unhandledPromptBehavior: dismiss and notify, webauthn:extension:credBlob: true, webauthn:extension:largeBlob: true, webauthn:virtualAuthenticators: true}&#10;Session ID: 27577134a4b85ddf792033f2a2c56191&#10;*** Element info: {Using=xpath, value=//input[@id=&apos;paypal_express&apos;]}" type="org.openqa.selenium.WebDriverException"><![CDATA[org.openqa.selenium.WebDriverException: 
chrome not reachable
  (Session info: chrome=105.0.5195.102)
Build info: version: '3.141.59', revision: 'e82be7d358', time: '2018-11-14T08:17:03'
System info: host: 'SLIDEQA2', ip: '192.168.0.107', os.name: 'Windows 10', os.arch: 'amd64', os.version: '10.0', java.version: '17'
Driver info: org.openqa.selenium.chrome.ChromeDriver
Capabilities {acceptInsecureCerts: false, browserName: chrome, browserVersion: 105.0.5195.102, chrome: {chromedriverVersion: 105.0.5195.52 (412c95e51883..., userDataDir: C:\Users\SLIDEQ~1\AppData\L...}, goog:chromeOptions: {debuggerAddress: localhost:49912}, javascriptEnabled: true, networkConnectionEnabled: false, pageLoadStrategy: normal, platform: WINDOWS, platformName: WINDOWS, proxy: Proxy(), setWindowRect: true, strictFileInteractability: false, timeouts: {implicit: 0, pageLoad: 300000, script: 30000}, unhandledPromptBehavior: dismiss and notify, webauthn:extension:credBlob: true, webauthn:extension:largeBlob: true, webauthn:virtualAuthenticators: true}
Session ID: 27577134a4b85ddf792033f2a2c56191
*** Element info: {Using=xpath, value=//input[@id='paypal_express']}
]]></error>
    <system-out><![CDATA[config browser = chrome
setProperty browser = chrome

@verify_5OFF_Coupon @individual
Scenario: verify the 5OFF coupon for free accounts for individual          &amp#27;[90m# src/test/java/features/Verify_5Off_Coupon.feature:7&amp#27;[0m
  &amp#27;[32mGiven &amp#27;[0m&amp#27;[32mUser is on Home Page and click on Login button&amp#27;[0m                     &amp#27;[90m# stepDefinations.Verify_5OFF_Coupon.User_is_on_Home_Page_and_click_on_Login_button()&amp#27;[0m
  &amp#27;[32mThen &amp#27;[0m&amp#27;[32mEnter username &amp#27;[0m&amp#27;[32m&amp#27;[1m"nishadhiman0027@gmail.com"&amp#27;[0m&amp#27;[32m and passwordi &amp#27;[0m&amp#27;[32m&amp#27;[1m"Qwerty@1"&amp#27;[0m &amp#27;[90m# stepDefinations.Verify_5OFF_Coupon.Enter_username_and_passwordi(java.lang.String,java.lang.String)&amp#27;[0m
  &amp#27;[32mThen &amp#27;[0m&amp#27;[32mclick on join now monthly option&amp#27;[0m                                    &amp#27;[90m# stepDefinations.Verify_5OFF_Coupon.click_on_join_now_monthly_option()&amp#27;[0m
Title = Checkout
  &amp#27;[32mThen &amp#27;[0m&amp#27;[32mverify that user should be on checkout page&amp#27;[0m                         &amp#27;[90m# stepDefinations.Verify_5OFF_Coupon.verify_that_user_should_be_on_checkout_page()&amp#27;[0m
delete_Coupon_Message = Your coupon was successfully removed.
success_Message = Your coupon was successfully applied.
  &amp#27;[32mThen &amp#27;[0m&amp#27;[32mselect the radio button for coupon code and stripe option&amp#27;[0m           &amp#27;[90m# stepDefinations.Verify_5OFF_Coupon.select_the_radio_button_for_coupon_code_and_stripe_option()&amp#27;[0m
Price = $47.49
  &amp#27;[32mThen &amp#27;[0m&amp#27;[32mverify the price for stripe option&amp#27;[0m                                  &amp#27;[90m# stepDefinations.Verify_5OFF_Coupon.verify_the_price_for_stripe_option()&amp#27;[0m
delete_Coupon_Message = Your coupon was successfully removed.
  &amp#27;[32mThen &amp#27;[0m&amp#27;[32mremove the coupon code&amp#27;[0m                                              &amp#27;[90m# stepDefinations.Verify_5OFF_Coupon.remove_the_coupon_code()&amp#27;[0m
  &amp#27;[31mThen &amp#27;[0m&amp#27;[31magain select the radio button for coupon code and paypal option&amp#27;[0m     &amp#27;[90m# stepDefinations.Verify_5OFF_Coupon.again_select_the_radio_button_for_coupon_code_and_paypal_option()&amp#27;[0m
      &amp#27;[31morg.openqa.selenium.WebDriverException: chrome not reachable
  (Session info: chrome=105.0.5195.102)
Build info: version: '3.141.59', revision: 'e82be7d358', time: '2018-11-14T08:17:03'
System info: host: 'SLIDEQA2', ip: '192.168.0.107', os.name: 'Windows 10', os.arch: 'amd64', os.version: '10.0', java.version: '17'
Driver info: org.openqa.selenium.chrome.ChromeDriver
Capabilities {acceptInsecureCerts: false, browserName: chrome, browserVersion: 105.0.5195.102, chrome: {chromedriverVersion: 105.0.5195.52 (412c95e51883..., userDataDir: C:\Users\SLIDEQ~1\AppData\L...}, goog:chromeOptions: {debuggerAddress: localhost:49912}, javascriptEnabled: true, networkConnectionEnabled: false, pageLoadStrategy: normal, platform: WINDOWS, platformName: WINDOWS, proxy: Proxy(), setWindowRect: true, strictFileInteractability: false, timeouts: {implicit: 0, pageLoad: 300000, script: 30000}, unhandledPromptBehavior: dismiss and notify, webauthn:extension:credBlob: true, webauthn:extension:largeBlob: true, webauthn:virtualAuthenticators: true}
Session ID: 27577134a4b85ddf792033f2a2c56191
*** Element info: {Using=xpath, value=//input[@id='paypal_express']}
	at java.base/jdk.internal.reflect.NativeConstructorAccessorImpl.newInstance0(Native Method)
	at java.base/jdk.internal.reflect.NativeConstructorAccessorImpl.newInstance(NativeConstructorAccessorImpl.java:77)
	at java.base/jdk.internal.reflect.DelegatingConstructorAccessorImpl.newInstance(DelegatingConstructorAccessorImpl.java:45)
	at java.base/java.lang.reflect.Constructor.newInstanceWithCaller(Constructor.java:499)
	at java.base/java.lang.reflect.Constructor.newInstance(Constructor.java:480)
	at org.openqa.selenium.remote.http.W3CHttpResponseCodec.createException(W3CHttpResponseCodec.java:187)
	at org.openqa.selenium.remote.http.W3CHttpResponseCodec.decode(W3CHttpResponseCodec.java:122)
	at org.openqa.selenium.remote.http.W3CHttpResponseCodec.decode(W3CHttpResponseCodec.java:49)
	at org.openqa.selenium.remote.HttpCommandExecutor.execute(HttpCommandExecutor.java:158)
	at org.openqa.selenium.remote.service.DriverCommandExecutor.execute(DriverCommandExecutor.java:83)
	at org.openqa.selenium.remote.RemoteWebDriver.execute(RemoteWebDriver.java:552)
	at org.openqa.selenium.remote.RemoteWebDriver.findElement(RemoteWebDriver.java:323)
	at org.openqa.selenium.remote.RemoteWebDriver.findElementByXPath(RemoteWebDriver.java:428)
	at org.openqa.selenium.By$ByXPath.findElement(By.java:353)
	at org.openqa.selenium.remote.RemoteWebDriver.findElement(RemoteWebDriver.java:315)
	at org.openqa.selenium.support.ui.ExpectedConditions$7.apply(ExpectedConditions.java:205)
	at org.openqa.selenium.support.ui.ExpectedConditions$7.apply(ExpectedConditions.java:201)
	at org.openqa.selenium.support.ui.ExpectedConditions$22.apply(ExpectedConditions.java:641)
	at org.openqa.selenium.support.ui.ExpectedConditions$22.apply(ExpectedConditions.java:638)
	at org.openqa.selenium.support.ui.FluentWait.until(FluentWait.java:249)
	at SetUpClass.CommonClass.payPalOPtion(CommonClass.java:114)
	at stepDefinations.Verify_5OFF_Coupon.again_select_the_radio_button_for_coupon_code_and_paypal_option(Verify_5OFF_Coupon.java:119)
	at âœ½.again select the radio button for coupon code and paypal option(file:///D:/Selenium%20Live%20Projects/VerifyTeamCoupon/./src/test/java/features/Verify_5Off_Coupon.feature:15)
&amp#27;[0m
  &amp#27;[36mThen &amp#27;[0m&amp#27;[36mverify the price for paypal&amp#27;[0m                                         &amp#27;[90m# stepDefinations.Verify_5OFF_Coupon.verify_the_price_for_paypal()&amp#27;[0m
  &amp#27;[36mThen &amp#27;[0m&amp#27;[36mremove the coupon code and check the message&amp#27;[0m                        &amp#27;[90m# stepDefinations.Verify_5OFF_Coupon.remove_the_coupon_code_and_check_the_message()&amp#27;[0m
  &amp#27;[36mThen &amp#27;[0m&amp#27;[36mnavigates back to the pricing page&amp#27;[0m                                  &amp#27;[90m# stepDefinations.Verify_5OFF_Coupon.navigates_back_to_the_pricing_page()&amp#27;[0m
  &amp#27;[36mThen &amp#27;[0m&amp#27;[36mclick on join now semi Annual option&amp#27;[0m                                &amp#27;[90m# stepDefinations.Verify_5OFF_Coupon.click_on_join_now_semi_annual_option()&amp#27;[0m
  &amp#27;[36mThen &amp#27;[0m&amp#27;[36mVerify that user should be on checkout page&amp#27;[0m                         &amp#27;[90m# stepDefinations.Verify_5OFF_Coupon.Verify_that_user_should_be_on_checkout_page()&amp#27;[0m
  &amp#27;[36mThen &amp#27;[0m&amp#27;[36mSelect the radio button for coupon code and stripe option&amp#27;[0m           &amp#27;[90m# stepDefinations.Verify_5OFF_Coupon.Select_the_radio_button_for_coupon_code_and_stripe_option()&amp#27;[0m
  &amp#27;[36mThen &amp#27;[0m&amp#27;[36mverify the price for stripe options&amp#27;[0m                                 &amp#27;[90m# stepDefinations.Verify_5OFF_Coupon.verifsy_the_price_for_stripe_options()&amp#27;[0m
  &amp#27;[36mThen &amp#27;[0m&amp#27;[36mremove the applied coupon code&amp#27;[0m                                      &amp#27;[90m# stepDefinations.Verify_5OFF_Coupon.remove_the_applied_coupon_code()&amp#27;[0m
  &amp#27;[36mThen &amp#27;[0m&amp#27;[36mAgain select the radio button for coupon code and paypal option&amp#27;[0m     &amp#27;[90m# stepDefinations.Verify_5OFF_Coupon.Again_select_the_radio_button_for_coupon_code_and_paypal_option()&amp#27;[0m
  &amp#27;[36mThen &amp#27;[0m&amp#27;[36mVerify the price for paypal&amp#27;[0m                                         &amp#27;[90m# stepDefinations.Verify_5OFF_Coupon.Verify_the_price_for_paypal()&amp#27;[0m
  &amp#27;[36mThen &amp#27;[0m&amp#27;[36mRemove the coupon code and check the message&amp#27;[0m                        &amp#27;[90m# stepDefinations.Verify_5OFF_Coupon.Remove_the_coupon_code_and_check_the_message()&amp#27;[0m
  &amp#27;[36mThen &amp#27;[0m&amp#27;[36mnavigates back to the Pricing Page&amp#27;[0m                                  &amp#27;[90m# stepDefinations.Verify_5OFF_Coupon.navigates_back_to_the_Pricing_Page()&amp#27;[0m
  &amp#27;[36mThen &amp#27;[0m&amp#27;[36mclick on join now Annual option&amp#27;[0m                                     &amp#27;[90m# stepDefinations.Verify_5OFF_Coupon.click_on_join_now_annual_option()&amp#27;[0m
  &amp#27;[36mThen &amp#27;[0m&amp#27;[36mverify that user should be on Checkout page&amp#27;[0m                         &amp#27;[90m# stepDefinations.Verify_5OFF_Coupon.verify_that_user_should_be_on_Checkout_page()&amp#27;[0m
  &amp#27;[36mThen &amp#27;[0m&amp#27;[36mselect the radio button for coupon code and Stripe option&amp#27;[0m           &amp#27;[90m# stepDefinations.Verify_5OFF_Coupon.select_the_radio_button_for_coupon_code_and_Stripe_option()&amp#27;[0m
  &amp#27;[36mThen &amp#27;[0m&amp#27;[36mVerify the price for stripe option&amp#27;[0m                                  &amp#27;[90m# stepDefinations.Verify_5OFF_Coupon.Verify_the_price_for_stripe_option()&amp#27;[0m
  &amp#27;[36mThen &amp#27;[0m&amp#27;[36mRemove the coupon code&amp#27;[0m                                              &amp#27;[90m# stepDefinations.Verify_5OFF_Coupon.Remove_the_coupon_code()&amp#27;[0m
  &amp#27;[36mThen &amp#27;[0m&amp#27;[36magain Select the radio button for coupon code and paypal option&amp#27;[0m     &amp#27;[90m# stepDefinations.Verify_5OFF_Coupon.again_Select_the_radio_button_for_coupon_code_and_paypal_option()&amp#27;[0m
  &amp#27;[36mThen &amp#27;[0m&amp#27;[36mverify The price for paypal&amp#27;[0m                                         &amp#27;[90m# stepDefinations.Verify_5OFF_Coupon.verify_The_price_for_paypal()&amp#27;[0m
  &amp#27;[36mThen &amp#27;[0m&amp#27;[36mremove The coupon code and check the message&amp#27;[0m                        &amp#27;[90m# stepDefinations.Verify_5OFF_Coupon.remove_The_coupon_code_and_check_the_message()&amp#27;[0m
  &amp#27;[36mThen &amp#27;[0m&amp#27;[36mnavigates back to the pricing pages&amp#27;[0m                                 &amp#27;[90m# stepDefinations.Verify_5OFF_Coupon.navigates_back_to_the_pricing_pages()&amp#27;[0m
  &amp#27;[36mThen &amp#27;[0m&amp#27;[36mclick on join now Annual+Design option&amp#27;[0m                              &amp#27;[90m# stepDefinations.Verify_5OFF_Coupon.click_on_join_now_annual_design_option()&amp#27;[0m
  &amp#27;[36mThen &amp#27;[0m&amp#27;[36mverify that user should be on checkout Page&amp#27;[0m                         &amp#27;[90m# stepDefinations.Verify_5OFF_Coupon.verify_that_user_should_be_on_checkout_Page()&amp#27;[0m
  &amp#27;[36mThen &amp#27;[0m&amp#27;[36mselect the Radio button for coupon code and stripe option&amp#27;[0m           &amp#27;[90m# stepDefinations.Verify_5OFF_Coupon.select_the_Radio_button_for_coupon_code_and_stripe_option()&amp#27;[0m
  &amp#27;[36mThen &amp#27;[0m&amp#27;[36mverify the Price for stripe option&amp#27;[0m                                  &amp#27;[90m# stepDefinations.Verify_5OFF_Coupon.verify_the_Price_for_stripe_option()&amp#27;[0m
  &amp#27;[36mThen &amp#27;[0m&amp#27;[36mRemove the Coupon code&amp#27;[0m                                              &amp#27;[90m# stepDefinations.Verify_5OFF_Coupon.Remove_the_Coupon_code()&amp#27;[0m
  &amp#27;[36mThen &amp#27;[0m&amp#27;[36magain select The radio button for coupon code and paypal option&amp#27;[0m     &amp#27;[90m# stepDefinations.Verify_5OFF_Coupon.again_select_The_radio_button_for_coupon_code_and_paypal_option()&amp#27;[0m
  &amp#27;[36mThen &amp#27;[0m&amp#27;[36mverify the Price for paypal&amp#27;[0m                                         &amp#27;[90m# stepDefinations.Verify_5OFF_Coupon.verify_the_Price_for_paypal()&amp#27;[0m
  &amp#27;[36mThen &amp#27;[0m&amp#27;[36mremove the Coupon code and check the message&amp#27;[0m                        &amp#27;[90m# stepDefinations.Verify_5OFF_Coupon.remove_the_Coupon_code_and_check_the_message()&amp#27;[0m
  &amp#27;[36mThen &amp#27;[0m&amp#27;[36mNavigates Back to the Pricing Page&amp#27;[0m                                  &amp#27;[90m# stepDefinations.Verify_5OFF_Coupon.Navigates_Back_to_the_Pricing_Page()&amp#27;[0m
      &amp#27;[31morg.openqa.selenium.WebDriverException: chrome not reachable
  (Session info: chrome=105.0.5195.102)
Build info: version: '3.141.59', revision: 'e82be7d358', time: '2018-11-14T08:17:03'
System info: host: 'SLIDEQA2', ip: '192.168.0.107', os.name: 'Windows 10', os.arch: 'amd64', os.version: '10.0', java.version: '17'
Driver info: org.openqa.selenium.chrome.ChromeDriver
Capabilities {acceptInsecureCerts: false, browserName: chrome, browserVersion: 105.0.5195.102, chrome: {chromedriverVersion: 105.0.5195.52 (412c95e51883..., userDataDir: C:\Users\SLIDEQ~1\AppData\L...}, goog:chromeOptions: {debuggerAddress: localhost:49912}, javascriptEnabled: true, networkConnectionEnabled: false, pageLoadStrategy: normal, platform: WINDOWS, platformName: WINDOWS, proxy: Proxy(), setWindowRect: true, strictFileInteractability: false, timeouts: {implicit: 0, pageLoad: 300000, script: 30000}, unhandledPromptBehavior: dismiss and notify, webauthn:extension:credBlob: true, webauthn:extension:largeBlob: true, webauthn:virtualAuthenticators: true}
Session ID: 27577134a4b85ddf792033f2a2c56191
	at java.base/jdk.internal.reflect.NativeConstructorAccessorImpl.newInstance0(Native Method)
	at java.base/jdk.internal.reflect.NativeConstructorAccessorImpl.newInstance(NativeConstructorAccessorImpl.java:77)
	at java.base/jdk.internal.reflect.DelegatingConstructorAccessorImpl.newInstance(DelegatingConstructorAccessorImpl.java:45)
	at java.base/java.lang.reflect.Constructor.newInstanceWithCaller(Constructor.java:499)
	at java.base/java.lang.reflect.Constructor.newInstance(Constructor.java:480)
	at org.openqa.selenium.remote.http.W3CHttpResponseCodec.createException(W3CHttpResponseCodec.java:187)
	at org.openqa.selenium.remote.http.W3CHttpResponseCodec.decode(W3CHttpResponseCodec.java:122)
	at org.openqa.selenium.remote.http.W3CHttpResponseCodec.decode(W3CHttpResponseCodec.java:49)
	at org.openqa.selenium.remote.HttpCommandExecutor.execute(HttpCommandExecutor.java:158)
	at org.openqa.selenium.remote.service.DriverCommandExecutor.execute(DriverCommandExecutor.java:83)
	at org.openqa.selenium.remote.RemoteWebDriver.execute(RemoteWebDriver.java:552)
	at org.openqa.selenium.remote.RemoteWebDriver.execute(RemoteWebDriver.java:609)
	at org.openqa.selenium.remote.RemoteWebDriver.getScreenshotAs(RemoteWebDriver.java:295)
	at stepDefinations.TakeImageStep.tearDown(TakeImageStep.java:20)
&amp#27;[0m
]]></system-out>
    <system-err><![CDATA[Sep 13, 2022 6:19:50 PM io.cucumber.core.runtime.FeaturePathFeatureSupplier$FeatureBuilder addUnique
SEVERE: Duplicate feature found: file:///D:/Selenium%20Live%20Projects/VerifyTeamCoupon/./target/test-classes/features/Verify_40%25_Delete_Coupon.feature was identical to file:///D:/Selenium%20Live%20Projects/VerifyTeamCoupon/./src/test/java/features/Verify_40%25_Delete_Coupon.feature

This typically happens when you configure cucumber to look for features in the root of your project.
Your build tool creates a copy of these features in a 'target' or 'build'directory.

If your features are on the class path consider using a class path URI.
For example: 'classpath:com/example/app.feature'
Otherwise you'll have to provide a more specific location
Sep 13, 2022 6:19:50 PM io.cucumber.core.runtime.FeaturePathFeatureSupplier$FeatureBuilder addUnique
SEVERE: Duplicate feature found: file:///D:/Selenium%20Live%20Projects/VerifyTeamCoupon/./target/test-classes/features/Verify_5Off_Coupon.feature was identical to file:///D:/Selenium%20Live%20Projects/VerifyTeamCoupon/./src/test/java/features/Verify_5Off_Coupon.feature

This typically happens when you configure cucumber to look for features in the root of your project.
Your build tool creates a copy of these features in a 'target' or 'build'directory.

If your features are on the class path consider using a class path URI.
For example: 'classpath:com/example/app.feature'
Otherwise you'll have to provide a more specific location
Sep 13, 2022 6:19:50 PM io.cucumber.core.runtime.FeaturePathFeatureSupplier$FeatureBuilder addUnique
SEVERE: Duplicate feature found: file:///D:/Selenium%20Live%20Projects/VerifyTeamCoupon/./target/test-classes/features/Verify_Summer35_Coupon.feature was identical to file:///D:/Selenium%20Live%20Projects/VerifyTeamCoupon/./src/test/java/features/Verify_Summer35_Coupon.feature

This typically happens when you configure cucumber to look for features in the root of your project.
Your build tool creates a copy of these features in a 'target' or 'build'directory.

If your features are on the class path consider using a class path URI.
For example: 'classpath:com/example/app.feature'
Otherwise you'll have to provide a more specific location
log4j:WARN No appenders could be found for logger (SetUpClass.BaseClass).
log4j:WARN Please initialize the log4j system properly.
log4j:WARN See http://logging.apache.org/log4j/1.2/faq.html#noconfig for more info.
[main] INFO io.github.bonigarcia.wdm.WebDriverManager - Using chromedriver 105.0.5195.52 (resolved driver for Chrome 105)
[main] INFO io.github.bonigarcia.wdm.WebDriverManager - Exporting webdriver.chrome.driver as C:\Users\SLIDE QA\.cache\selenium\chromedriver\win32\105.0.5195.52\chromedriver.exe
Starting ChromeDriver 105.0.5195.52 (412c95e518836d8a7d97250d62b29c2ae6a26a85-refs/branch-heads/5195@{#853}) on port 8017
Only local connections are allowed.
Please see https://chromedriver.chromium.org/security-considerations for suggestions on keeping ChromeDriver safe.
ChromeDriver was started successfully.
Sep 13, 2022 6:19:55 PM org.openqa.selenium.remote.ProtocolHandshake createSession
INFO: Detected dialect: W3C
[1663073500.774][WARNING]: Timed out connecting to Chrome, retrying...
[1663073511.230][WARNING]: Timed out connecting to Chrome, retrying...
]]></system-err>
  </testcase>
  <testcase name="verify the 5OFF coupon for free accounts for individual" classname="verify the 5OFF coupon" time="120.222">
    <error message="chrome not reachable&#10;  (Session info: chrome=105.0.5195.102)&#10;Build info: version: &apos;3.141.59&apos;, revision: &apos;e82be7d358&apos;, time: &apos;2018-11-14T08:17:03&apos;&#10;System info: host: &apos;SLIDEQA2&apos;, ip: &apos;192.168.0.107&apos;, os.name: &apos;Windows 10&apos;, os.arch: &apos;amd64&apos;, os.version: &apos;10.0&apos;, java.version: &apos;17&apos;&#10;Driver info: org.openqa.selenium.chrome.ChromeDriver&#10;Capabilities {acceptInsecureCerts: false, browserName: chrome, browserVersion: 105.0.5195.102, chrome: {chromedriverVersion: 105.0.5195.52 (412c95e51883..., userDataDir: C:\Users\SLIDEQ~1\AppData\L...}, goog:chromeOptions: {debuggerAddress: localhost:49912}, javascriptEnabled: true, networkConnectionEnabled: false, pageLoadStrategy: normal, platform: WINDOWS, platformName: WINDOWS, proxy: Proxy(), setWindowRect: true, strictFileInteractability: false, timeouts: {implicit: 0, pageLoad: 300000, script: 30000}, unhandledPromptBehavior: dismiss and notify, webauthn:extension:credBlob: true, webauthn:extension:largeBlob: true, webauthn:virtualAuthenticators: true}&#10;Session ID: 27577134a4b85ddf792033f2a2c56191" type="org.openqa.selenium.WebDriverException"><![CDATA[org.openqa.selenium.WebDriverException: 
chrome not reachable
  (Session info: chrome=105.0.5195.102)
Build info: version: '3.141.59', revision: 'e82be7d358', time: '2018-11-14T08:17:03'
System info: host: 'SLIDEQA2', ip: '192.168.0.107', os.name: 'Windows 10', os.arch: 'amd64', os.version: '10.0', java.version: '17'
Driver info: org.openqa.selenium.chrome.ChromeDriver
Capabilities {acceptInsecureCerts: false, browserName: chrome, browserVersion: 105.0.5195.102, chrome: {chromedriverVersion: 105.0.5195.52 (412c95e51883..., userDataDir: C:\Users\SLIDEQ~1\AppData\L...}, goog:chromeOptions: {debuggerAddress: localhost:49912}, javascriptEnabled: true, networkConnectionEnabled: false, pageLoadStrategy: normal, platform: WINDOWS, platformName: WINDOWS, proxy: Proxy(), setWindowRect: true, strictFileInteractability: false, timeouts: {implicit: 0, pageLoad: 300000, script: 30000}, unhandledPromptBehavior: dismiss and notify, webauthn:extension:credBlob: true, webauthn:extension:largeBlob: true, webauthn:virtualAuthenticators: true}
Session ID: 27577134a4b85ddf792033f2a2c56191
]]></error>
  </testcase>
  <testcase name="verify the 5OFF coupon for free accounts for BusinessTeam" classname="verify the 5OFF coupon" time="23.921">
    <error message="chrome not reachable&#10;  (Session info: chrome=105.0.5195.102)&#10;Build info: version: &apos;3.141.59&apos;, revision: &apos;e82be7d358&apos;, time: &apos;2018-11-14T08:17:03&apos;&#10;System info: host: &apos;SLIDEQA2&apos;, ip: &apos;192.168.0.107&apos;, os.name: &apos;Windows 10&apos;, os.arch: &apos;amd64&apos;, os.version: &apos;10.0&apos;, java.version: &apos;17&apos;&#10;Driver info: org.openqa.selenium.chrome.ChromeDriver&#10;Capabilities {acceptInsecureCerts: false, browserName: chrome, browserVersion: 105.0.5195.102, chrome: {chromedriverVersion: 105.0.5195.52 (412c95e51883..., userDataDir: C:\Users\SLIDEQ~1\AppData\L...}, goog:chromeOptions: {debuggerAddress: localhost:49912}, javascriptEnabled: true, networkConnectionEnabled: false, pageLoadStrategy: normal, platform: WINDOWS, platformName: WINDOWS, proxy: Proxy(), setWindowRect: true, strictFileInteractability: false, timeouts: {implicit: 0, pageLoad: 300000, script: 30000}, unhandledPromptBehavior: dismiss and notify, webauthn:extension:credBlob: true, webauthn:extension:largeBlob: true, webauthn:virtualAuthenticators: true}&#10;Session ID: 27577134a4b85ddf792033f2a2c56191&#10;*** Element info: {Using=xpath, value=//button[normalize-space()=&apos;Business Teams&apos;]}" type="org.openqa.selenium.WebDriverException"><![CDATA[org.openqa.selenium.WebDriverException: 
chrome not reachable
  (Session info: chrome=105.0.5195.102)
Build info: version: '3.141.59', revision: 'e82be7d358', time: '2018-11-14T08:17:03'
System info: host: 'SLIDEQA2', ip: '192.168.0.107', os.name: 'Windows 10', os.arch: 'amd64', os.version: '10.0', java.version: '17'
Driver info: org.openqa.selenium.chrome.ChromeDriver
Capabilities {acceptInsecureCerts: false, browserName: chrome, browserVersion: 105.0.5195.102, chrome: {chromedriverVersion: 105.0.5195.52 (412c95e51883..., userDataDir: C:\Users\SLIDEQ~1\AppData\L...}, goog:chromeOptions: {debuggerAddress: localhost:49912}, javascriptEnabled: true, networkConnectionEnabled: false, pageLoadStrategy: normal, platform: WINDOWS, platformName: WINDOWS, proxy: Proxy(), setWindowRect: true, strictFileInteractability: false, timeouts: {implicit: 0, pageLoad: 300000, script: 30000}, unhandledPromptBehavior: dismiss and notify, webauthn:extension:credBlob: true, webauthn:extension:largeBlob: true, webauthn:virtualAuthenticators: true}
Session ID: 27577134a4b85ddf792033f2a2c56191
*** Element info: {Using=xpath, value=//button[normalize-space()='Business Teams']}
]]></error>
    <system-out><![CDATA[
@verify_5OFF_Coupon @BusinessTeam
Scenario: verify the 5OFF coupon for free accounts for BusinessTeam    &amp#27;[90m# src/test/java/features/Verify_5Off_Coupon.feature:48&amp#27;[0m
  &amp#27;[31mWhen &amp#27;[0m&amp#27;[31mselect Business Team option&amp#27;[0m                                     &amp#27;[90m# stepDefinations.Verify_5OFF_Coupon.select_business_team_option()&amp#27;[0m
      &amp#27;[31morg.openqa.selenium.WebDriverException: chrome not reachable
  (Session info: chrome=105.0.5195.102)
Build info: version: '3.141.59', revision: 'e82be7d358', time: '2018-11-14T08:17:03'
System info: host: 'SLIDEQA2', ip: '192.168.0.107', os.name: 'Windows 10', os.arch: 'amd64', os.version: '10.0', java.version: '17'
Driver info: org.openqa.selenium.chrome.ChromeDriver
Capabilities {acceptInsecureCerts: false, browserName: chrome, browserVersion: 105.0.5195.102, chrome: {chromedriverVersion: 105.0.5195.52 (412c95e51883..., userDataDir: C:\Users\SLIDEQ~1\AppData\L...}, goog:chromeOptions: {debuggerAddress: localhost:49912}, javascriptEnabled: true, networkConnectionEnabled: false, pageLoadStrategy: normal, platform: WINDOWS, platformName: WINDOWS, proxy: Proxy(), setWindowRect: true, strictFileInteractability: false, timeouts: {implicit: 0, pageLoad: 300000, script: 30000}, unhandledPromptBehavior: dismiss and notify, webauthn:extension:credBlob: true, webauthn:extension:largeBlob: true, webauthn:virtualAuthenticators: true}
Session ID: 27577134a4b85ddf792033f2a2c56191
*** Element info: {Using=xpath, value=//button[normalize-space()='Business Teams']}
	at java.base/jdk.internal.reflect.NativeConstructorAccessorImpl.newInstance0(Native Method)
	at java.base/jdk.internal.reflect.NativeConstructorAccessorImpl.newInstance(NativeConstructorAccessorImpl.java:77)
	at java.base/jdk.internal.reflect.DelegatingConstructorAccessorImpl.newInstance(DelegatingConstructorAccessorImpl.java:45)
	at java.base/java.lang.reflect.Constructor.newInstanceWithCaller(Constructor.java:499)
	at java.base/java.lang.reflect.Constructor.newInstance(Constructor.java:480)
	at org.openqa.selenium.remote.http.W3CHttpResponseCodec.createException(W3CHttpResponseCodec.java:187)
	at org.openqa.selenium.remote.http.W3CHttpResponseCodec.decode(W3CHttpResponseCodec.java:122)
	at org.openqa.selenium.remote.http.W3CHttpResponseCodec.decode(W3CHttpResponseCodec.java:49)
	at org.openqa.selenium.remote.HttpCommandExecutor.execute(HttpCommandExecutor.java:158)
	at org.openqa.selenium.remote.service.DriverCommandExecutor.execute(DriverCommandExecutor.java:83)
	at org.openqa.selenium.remote.RemoteWebDriver.execute(RemoteWebDriver.java:552)
	at org.openqa.selenium.remote.RemoteWebDriver.findElement(RemoteWebDriver.java:323)
	at org.openqa.selenium.remote.RemoteWebDriver.findElementByXPath(RemoteWebDriver.java:428)
	at org.openqa.selenium.By$ByXPath.findElement(By.java:353)
	at org.openqa.selenium.remote.RemoteWebDriver.findElement(RemoteWebDriver.java:315)
	at org.openqa.selenium.support.ui.ExpectedConditions$7.apply(ExpectedConditions.java:205)
	at org.openqa.selenium.support.ui.ExpectedConditions$7.apply(ExpectedConditions.java:201)
	at org.openqa.selenium.support.ui.ExpectedConditions$22.apply(ExpectedConditions.java:641)
	at org.openqa.selenium.support.ui.ExpectedConditions$22.apply(ExpectedConditions.java:638)
	at org.openqa.selenium.support.ui.FluentWait.until(FluentWait.java:249)
	at stepDefinations.Verify_5OFF_Coupon.select_business_team_option(Verify_5OFF_Coupon.java:355)
	at âœ½.select Business Team option(file:///D:/Selenium%20Live%20Projects/VerifyTeamCoupon/./src/test/java/features/Verify_5Off_Coupon.feature:50)
&amp#27;[0m
  &amp#27;[36mThen &amp#27;[0m&amp#27;[36mclick on join now Annual four user licence option&amp#27;[0m               &amp#27;[90m# stepDefinations.Verify_5OFF_Coupon.click_on_join_now_Annual_four_user_licence_option()&amp#27;[0m
  &amp#27;[36mThen &amp#27;[0m&amp#27;[36mverify that user should be on Checkout Page&amp#27;[0m                     &amp#27;[90m# stepDefinations.Verify_5OFF_Coupon.verify_that_user_should_be_on_Checkout_Page()&amp#27;[0m
  &amp#27;[36mThen &amp#27;[0m&amp#27;[36mSelect the Radio button for coupon code and stripe option&amp#27;[0m       &amp#27;[90m# stepDefinations.Verify_5OFF_Coupon.Select_the_Radio_button_for_coupon_code_and_stripe_option()&amp#27;[0m
  &amp#27;[36mThen &amp#27;[0m&amp#27;[36mverify the price for stripe Option&amp#27;[0m                              &amp#27;[90m# stepDefinations.Verify_5OFF_Coupon.verify_the_price_for_stripe_Option()&amp#27;[0m
  &amp#27;[36mThen &amp#27;[0m&amp#27;[36mRemove the Coupon Code&amp#27;[0m                                          &amp#27;[90m# stepDefinations.Verify_5OFF_Coupon.Remove_the_Coupon_Code()&amp#27;[0m
  &amp#27;[36mThen &amp#27;[0m&amp#27;[36magain select the Radio button for coupon code and paypal option&amp#27;[0m &amp#27;[90m# stepDefinations.Verify_5OFF_Coupon.again_select_the_Radio_button_for_coupon_code_and_paypal_option()&amp#27;[0m
  &amp#27;[36mThen &amp#27;[0m&amp#27;[36mverify the price For paypal&amp#27;[0m                                     &amp#27;[90m# stepDefinations.Verify_5OFF_Coupon.verify_the_price_For_paypal()&amp#27;[0m
  &amp#27;[36mThen &amp#27;[0m&amp#27;[36mremove the coupon Code and check the message&amp#27;[0m                    &amp#27;[90m# stepDefinations.Verify_5OFF_Coupon.remove_the_coupon_Code_and_check_the_message()&amp#27;[0m
  &amp#27;[36mThen &amp#27;[0m&amp#27;[36mNavigates back to the pricing page&amp#27;[0m                              &amp#27;[90m# stepDefinations.Verify_5OFF_Coupon.Navigates_back_to_the_pricing_page()&amp#27;[0m
  &amp#27;[36mThen &amp#27;[0m&amp#27;[36mclick on join now Annual twenty user licence option&amp#27;[0m             &amp#27;[90m# stepDefinations.Verify_5OFF_Coupon.click_on_join_now_annual_twenty_user_licence_option()&amp#27;[0m
  &amp#27;[36mThen &amp#27;[0m&amp#27;[36mVerify that user should be on Checkout page&amp#27;[0m                     &amp#27;[90m# stepDefinations.Verify_5OFF_Coupon.Verify_that_user_should_be_on_Checkout_page()&amp#27;[0m
  &amp#27;[36mThen &amp#27;[0m&amp#27;[36mselect the radio button for Coupon Code and stripe option&amp#27;[0m       &amp#27;[90m# stepDefinations.Verify_5OFF_Coupon.select_the_radio_button_for_Coupon_Code_and_stripe_option()&amp#27;[0m
  &amp#27;[36mThen &amp#27;[0m&amp#27;[36mverify the price For Stripe option&amp#27;[0m                              &amp#27;[90m# stepDefinations.Verify_5OFF_Coupon.verify_the_price_For_Stripe_option()&amp#27;[0m
  &amp#27;[36mThen &amp#27;[0m&amp#27;[36mremove the Applied coupon code&amp#27;[0m                                  &amp#27;[90m# stepDefinations.Verify_5OFF_Coupon.remove_the_Applied_coupon_code()&amp#27;[0m
  &amp#27;[36mThen &amp#27;[0m&amp#27;[36magain select the radio button For coupon code and paypal option&amp#27;[0m &amp#27;[90m# stepDefinations.Verify_5OFF_Coupon.again_select_the_radio_button_For_coupon_code_and_paypal_option()&amp#27;[0m
  &amp#27;[36mThen &amp#27;[0m&amp#27;[36mverify the price for Paypal&amp#27;[0m                                     &amp#27;[90m# stepDefinations.Verify_5OFF_Coupon.verify_the_price_for_Paypal()&amp#27;[0m
  &amp#27;[36mThen &amp#27;[0m&amp#27;[36mremove the coupon code nd Check the message&amp#27;[0m                     &amp#27;[90m# stepDefinations.Verify_5OFF_Coupon.remove_the_coupon_code_nd_check_the_message()&amp#27;[0m
  &amp#27;[36mThen &amp#27;[0m&amp#27;[36mnavigates Back to the pricing page&amp#27;[0m                              &amp#27;[90m# stepDefinations.Verify_5OFF_Coupon.navigates_Back_to_the_pricing_page()&amp#27;[0m
  &amp#27;[36mThen &amp#27;[0m&amp#27;[36mclick on join now unlimted user licence option&amp#27;[0m                  &amp#27;[90m# stepDefinations.Verify_5OFF_Coupon.click_on_join_now_unlimted_user_licence_option()&amp#27;[0m
  &amp#27;[36mThen &amp#27;[0m&amp#27;[36mVerify that user should be on Checkout Page&amp#27;[0m                     &amp#27;[90m# stepDefinations.Verify_5OFF_Coupon.Verify_that_user_should_be_on_Checkout_Page()&amp#27;[0m
  &amp#27;[36mThen &amp#27;[0m&amp#27;[36mSelect the Radio button for Coupon code and stripe option&amp#27;[0m       &amp#27;[90m# stepDefinations.Verify_5OFF_Coupon.Select_the_Radio_button_for_Coupon_code_and_stripe_option()&amp#27;[0m
  &amp#27;[36mThen &amp#27;[0m&amp#27;[36mVerify the price for Stripe option&amp#27;[0m                              &amp#27;[90m# stepDefinations.Verify_5OFF_Coupon.Verify_the_price_for_Stripe_option()&amp#27;[0m
  &amp#27;[36mThen &amp#27;[0m&amp#27;[36mremove the Applied coupon&amp#27;[0m                                       &amp#27;[90m# stepDefinations.Verify_5OFF_Coupon.remove_the_applied_coupon()&amp#27;[0m
  &amp#27;[36mThen &amp#27;[0m&amp#27;[36magain select the radio button for Coupon code and paypal option&amp#27;[0m &amp#27;[90m# stepDefinations.Verify_5OFF_Coupon.again_select_the_radio_button_for_Coupon_code_and_paypal_option()&amp#27;[0m
  &amp#27;[36mThen &amp#27;[0m&amp#27;[36mVerify the price for Paypal&amp#27;[0m                                     &amp#27;[90m# stepDefinations.Verify_5OFF_Coupon.Verify_the_price_for_Paypal()&amp#27;[0m
  &amp#27;[36mThen &amp#27;[0m&amp#27;[36mremove the coupon code and check the Message&amp#27;[0m                    &amp#27;[90m# stepDefinations.Verify_5OFF_Coupon.remove_the_coupon_code_and_check_the_Message()&amp#27;[0m
  &amp#27;[36mThen &amp#27;[0m&amp#27;[36mnavigates back To the pricing page&amp#27;[0m                              &amp#27;[90m# stepDefinations.Verify_5OFF_Coupon.navigates_back_To_the_pricing_page()&amp#27;[0m
      &amp#27;[31morg.openqa.selenium.WebDriverException: chrome not reachable
  (Session info: chrome=105.0.5195.102)
Build info: version: '3.141.59', revision: 'e82be7d358', time: '2018-11-14T08:17:03'
System info: host: 'SLIDEQA2', ip: '192.168.0.107', os.name: 'Windows 10', os.arch: 'amd64', os.version: '10.0', java.version: '17'
Driver info: org.openqa.selenium.chrome.ChromeDriver
Capabilities {acceptInsecureCerts: false, browserName: chrome, browserVersion: 105.0.5195.102, chrome: {chromedriverVersion: 105.0.5195.52 (412c95e51883..., userDataDir: C:\Users\SLIDEQ~1\AppData\L...}, goog:chromeOptions: {debuggerAddress: localhost:49912}, javascriptEnabled: true, networkConnectionEnabled: false, pageLoadStrategy: normal, platform: WINDOWS, platformName: WINDOWS, proxy: Proxy(), setWindowRect: true, strictFileInteractability: false, timeouts: {implicit: 0, pageLoad: 300000, script: 30000}, unhandledPromptBehavior: dismiss and notify, webauthn:extension:credBlob: true, webauthn:extension:largeBlob: true, webauthn:virtualAuthenticators: true}
Session ID: 27577134a4b85ddf792033f2a2c56191
	at java.base/jdk.internal.reflect.NativeConstructorAccessorImpl.newInstance0(Native Method)
	at java.base/jdk.internal.reflect.NativeConstructorAccessorImpl.newInstance(NativeConstructorAccessorImpl.java:77)
	at java.base/jdk.internal.reflect.DelegatingConstructorAccessorImpl.newInstance(DelegatingConstructorAccessorImpl.java:45)
	at java.base/java.lang.reflect.Constructor.newInstanceWithCaller(Constructor.java:499)
	at java.base/java.lang.reflect.Constructor.newInstance(Constructor.java:480)
	at org.openqa.selenium.remote.http.W3CHttpResponseCodec.createException(W3CHttpResponseCodec.java:187)
	at org.openqa.selenium.remote.http.W3CHttpResponseCodec.decode(W3CHttpResponseCodec.java:122)
	at org.openqa.selenium.remote.http.W3CHttpResponseCodec.decode(W3CHttpResponseCodec.java:49)
	at org.openqa.selenium.remote.HttpCommandExecutor.execute(HttpCommandExecutor.java:158)
	at org.openqa.selenium.remote.service.DriverCommandExecutor.execute(DriverCommandExecutor.java:83)
	at org.openqa.selenium.remote.RemoteWebDriver.execute(RemoteWebDriver.java:552)
	at org.openqa.selenium.remote.RemoteWebDriver.execute(RemoteWebDriver.java:609)
	at org.openqa.selenium.remote.RemoteWebDriver.getScreenshotAs(RemoteWebDriver.java:295)
	at stepDefinations.TakeImageStep.tearDown(TakeImageStep.java:20)
&amp#27;[0m
]]></system-out>
    <system-err><![CDATA[[1663073524.699][WARNING]: Timed out connecting to Chrome, retrying...
[1663073535.145][WARNING]: Timed out connecting to Chrome, retrying...
]]></system-err>
  </testcase>
  <testcase name="verify the 5OFF coupon for free accounts for BusinessTeam" classname="verify the 5OFF coupon" time="23.921">
    <error message="chrome not reachable&#10;  (Session info: chrome=105.0.5195.102)&#10;Build info: version: &apos;3.141.59&apos;, revision: &apos;e82be7d358&apos;, time: &apos;2018-11-14T08:17:03&apos;&#10;System info: host: &apos;SLIDEQA2&apos;, ip: &apos;192.168.0.107&apos;, os.name: &apos;Windows 10&apos;, os.arch: &apos;amd64&apos;, os.version: &apos;10.0&apos;, java.version: &apos;17&apos;&#10;Driver info: org.openqa.selenium.chrome.ChromeDriver&#10;Capabilities {acceptInsecureCerts: false, browserName: chrome, browserVersion: 105.0.5195.102, chrome: {chromedriverVersion: 105.0.5195.52 (412c95e51883..., userDataDir: C:\Users\SLIDEQ~1\AppData\L...}, goog:chromeOptions: {debuggerAddress: localhost:49912}, javascriptEnabled: true, networkConnectionEnabled: false, pageLoadStrategy: normal, platform: WINDOWS, platformName: WINDOWS, proxy: Proxy(), setWindowRect: true, strictFileInteractability: false, timeouts: {implicit: 0, pageLoad: 300000, script: 30000}, unhandledPromptBehavior: dismiss and notify, webauthn:extension:credBlob: true, webauthn:extension:largeBlob: true, webauthn:virtualAuthenticators: true}&#10;Session ID: 27577134a4b85ddf792033f2a2c56191" type="org.openqa.selenium.WebDriverException"><![CDATA[org.openqa.selenium.WebDriverException: 
chrome not reachable
  (Session info: chrome=105.0.5195.102)
Build info: version: '3.141.59', revision: 'e82be7d358', time: '2018-11-14T08:17:03'
System info: host: 'SLIDEQA2', ip: '192.168.0.107', os.name: 'Windows 10', os.arch: 'amd64', os.version: '10.0', java.version: '17'
Driver info: org.openqa.selenium.chrome.ChromeDriver
Capabilities {acceptInsecureCerts: false, browserName: chrome, browserVersion: 105.0.5195.102, chrome: {chromedriverVersion: 105.0.5195.52 (412c95e51883..., userDataDir: C:\Users\SLIDEQ~1\AppData\L...}, goog:chromeOptions: {debuggerAddress: localhost:49912}, javascriptEnabled: true, networkConnectionEnabled: false, pageLoadStrategy: normal, platform: WINDOWS, platformName: WINDOWS, proxy: Proxy(), setWindowRect: true, strictFileInteractability: false, timeouts: {implicit: 0, pageLoad: 300000, script: 30000}, unhandledPromptBehavior: dismiss and notify, webauthn:extension:credBlob: true, webauthn:extension:largeBlob: true, webauthn:virtualAuthenticators: true}
Session ID: 27577134a4b85ddf792033f2a2c56191
]]></error>
  </testcase>
  <testcase name="verify the 5OFF coupon for free accounts for education" classname="verify the 5OFF coupon" time="20.911">
    <error message="chrome not reachable&#10;  (Session info: chrome=105.0.5195.102)&#10;Build info: version: &apos;3.141.59&apos;, revision: &apos;e82be7d358&apos;, time: &apos;2018-11-14T08:17:03&apos;&#10;System info: host: &apos;SLIDEQA2&apos;, ip: &apos;192.168.0.107&apos;, os.name: &apos;Windows 10&apos;, os.arch: &apos;amd64&apos;, os.version: &apos;10.0&apos;, java.version: &apos;17&apos;&#10;Driver info: org.openqa.selenium.chrome.ChromeDriver&#10;Capabilities {acceptInsecureCerts: false, browserName: chrome, browserVersion: 105.0.5195.102, chrome: {chromedriverVersion: 105.0.5195.52 (412c95e51883..., userDataDir: C:\Users\SLIDEQ~1\AppData\L...}, goog:chromeOptions: {debuggerAddress: localhost:49912}, javascriptEnabled: true, networkConnectionEnabled: false, pageLoadStrategy: normal, platform: WINDOWS, platformName: WINDOWS, proxy: Proxy(), setWindowRect: true, strictFileInteractability: false, timeouts: {implicit: 0, pageLoad: 300000, script: 30000}, unhandledPromptBehavior: dismiss and notify, webauthn:extension:credBlob: true, webauthn:extension:largeBlob: true, webauthn:virtualAuthenticators: true}&#10;Session ID: 27577134a4b85ddf792033f2a2c56191&#10;*** Element info: {Using=xpath, value=//button[normalize-space()=&apos;Education&apos;]}" type="org.openqa.selenium.WebDriverException"><![CDATA[org.openqa.selenium.WebDriverException: 
chrome not reachable
  (Session info: chrome=105.0.5195.102)
Build info: version: '3.141.59', revision: 'e82be7d358', time: '2018-11-14T08:17:03'
System info: host: 'SLIDEQA2', ip: '192.168.0.107', os.name: 'Windows 10', os.arch: 'amd64', os.version: '10.0', java.version: '17'
Driver info: org.openqa.selenium.chrome.ChromeDriver
Capabilities {acceptInsecureCerts: false, browserName: chrome, browserVersion: 105.0.5195.102, chrome: {chromedriverVersion: 105.0.5195.52 (412c95e51883..., userDataDir: C:\Users\SLIDEQ~1\AppData\L...}, goog:chromeOptions: {debuggerAddress: localhost:49912}, javascriptEnabled: true, networkConnectionEnabled: false, pageLoadStrategy: normal, platform: WINDOWS, platformName: WINDOWS, proxy: Proxy(), setWindowRect: true, strictFileInteractability: false, timeouts: {implicit: 0, pageLoad: 300000, script: 30000}, unhandledPromptBehavior: dismiss and notify, webauthn:extension:credBlob: true, webauthn:extension:largeBlob: true, webauthn:virtualAuthenticators: true}
Session ID: 27577134a4b85ddf792033f2a2c56191
*** Element info: {Using=xpath, value=//button[normalize-space()='Education']}
]]></error>
    <system-out><![CDATA[
@verify_5OFF_Coupon @Education
Scenario: verify the 5OFF coupon for free accounts for education       &amp#27;[90m# src/test/java/features/Verify_5Off_Coupon.feature:80&amp#27;[0m
  &amp#27;[31mWhen &amp#27;[0m&amp#27;[31mselect Education option&amp#27;[0m                                         &amp#27;[90m# stepDefinations.Verify_5OFF_Coupon.select_education_option()&amp#27;[0m
      &amp#27;[31morg.openqa.selenium.WebDriverException: chrome not reachable
  (Session info: chrome=105.0.5195.102)
Build info: version: '3.141.59', revision: 'e82be7d358', time: '2018-11-14T08:17:03'
System info: host: 'SLIDEQA2', ip: '192.168.0.107', os.name: 'Windows 10', os.arch: 'amd64', os.version: '10.0', java.version: '17'
Driver info: org.openqa.selenium.chrome.ChromeDriver
Capabilities {acceptInsecureCerts: false, browserName: chrome, browserVersion: 105.0.5195.102, chrome: {chromedriverVersion: 105.0.5195.52 (412c95e51883..., userDataDir: C:\Users\SLIDEQ~1\AppData\L...}, goog:chromeOptions: {debuggerAddress: localhost:49912}, javascriptEnabled: true, networkConnectionEnabled: false, pageLoadStrategy: normal, platform: WINDOWS, platformName: WINDOWS, proxy: Proxy(), setWindowRect: true, strictFileInteractability: false, timeouts: {implicit: 0, pageLoad: 300000, script: 30000}, unhandledPromptBehavior: dismiss and notify, webauthn:extension:credBlob: true, webauthn:extension:largeBlob: true, webauthn:virtualAuthenticators: true}
Session ID: 27577134a4b85ddf792033f2a2c56191
*** Element info: {Using=xpath, value=//button[normalize-space()='Education']}
	at java.base/jdk.internal.reflect.NativeConstructorAccessorImpl.newInstance0(Native Method)
	at java.base/jdk.internal.reflect.NativeConstructorAccessorImpl.newInstance(NativeConstructorAccessorImpl.java:77)
	at java.base/jdk.internal.reflect.DelegatingConstructorAccessorImpl.newInstance(DelegatingConstructorAccessorImpl.java:45)
	at java.base/java.lang.reflect.Constructor.newInstanceWithCaller(Constructor.java:499)
	at java.base/java.lang.reflect.Constructor.newInstance(Constructor.java:480)
	at org.openqa.selenium.remote.http.W3CHttpResponseCodec.createException(W3CHttpResponseCodec.java:187)
	at org.openqa.selenium.remote.http.W3CHttpResponseCodec.decode(W3CHttpResponseCodec.java:122)
	at org.openqa.selenium.remote.http.W3CHttpResponseCodec.decode(W3CHttpResponseCodec.java:49)
	at org.openqa.selenium.remote.HttpCommandExecutor.execute(HttpCommandExecutor.java:158)
	at org.openqa.selenium.remote.service.DriverCommandExecutor.execute(DriverCommandExecutor.java:83)
	at org.openqa.selenium.remote.RemoteWebDriver.execute(RemoteWebDriver.java:552)
	at org.openqa.selenium.remote.RemoteWebDriver.findElement(RemoteWebDriver.java:323)
	at org.openqa.selenium.remote.RemoteWebDriver.findElementByXPath(RemoteWebDriver.java:428)
	at org.openqa.selenium.By$ByXPath.findElement(By.java:353)
	at org.openqa.selenium.remote.RemoteWebDriver.findElement(RemoteWebDriver.java:315)
	at org.openqa.selenium.support.ui.ExpectedConditions$7.apply(ExpectedConditions.java:205)
	at org.openqa.selenium.support.ui.ExpectedConditions$7.apply(ExpectedConditions.java:201)
	at org.openqa.selenium.support.ui.ExpectedConditions$22.apply(ExpectedConditions.java:641)
	at org.openqa.selenium.support.ui.ExpectedConditions$22.apply(ExpectedConditions.java:638)
	at org.openqa.selenium.support.ui.FluentWait.until(FluentWait.java:249)
	at stepDefinations.Verify_5OFF_Coupon.select_education_option(Verify_5OFF_Coupon.java:532)
	at âœ½.select Education option(file:///D:/Selenium%20Live%20Projects/VerifyTeamCoupon/./src/test/java/features/Verify_5Off_Coupon.feature:81)
&amp#27;[0m
  &amp#27;[36mThen &amp#27;[0m&amp#27;[36mclick on join now Annual user licence option&amp#27;[0m                    &amp#27;[90m# stepDefinations.Verify_5OFF_Coupon.click_on_join_now_annual_user_licence_option()&amp#27;[0m
  &amp#27;[36mThen &amp#27;[0m&amp#27;[36mVerify That user should be on checkout page&amp#27;[0m                     &amp#27;[90m# stepDefinations.Verify_5OFF_Coupon.Verify_That_user_should_be_on_checkout_page()&amp#27;[0m
  &amp#27;[36mThen &amp#27;[0m&amp#27;[36mSelect the radio button for coupon code and Stripe OPtion&amp#27;[0m       &amp#27;[90m# stepDefinations.Verify_5OFF_Coupon.select_the_radio_button_for_coupon_code_and_stripe_OPtion()&amp#27;[0m
  &amp#27;[36mThen &amp#27;[0m&amp#27;[36mVerify the Price For Stripe Option&amp#27;[0m                              &amp#27;[90m# stepDefinations.Verify_5OFF_Coupon.Verify_the_Price_For_Stripe_Option()&amp#27;[0m
  &amp#27;[36mThen &amp#27;[0m&amp#27;[36mRemove the coupon&amp#27;[0m                                               &amp#27;[90m# stepDefinations.Verify_5OFF_Coupon.remove_the_coupon()&amp#27;[0m
  &amp#27;[36mThen &amp#27;[0m&amp#27;[36magain select the radio button for coupon Code and paypal option&amp#27;[0m &amp#27;[90m# stepDefinations.Verify_5OFF_Coupon.again_select_the_radio_button_for_coupon_Code_and_paypal_option()&amp#27;[0m
  &amp#27;[36mThen &amp#27;[0m&amp#27;[36mVerify The price for paypal&amp#27;[0m                                     &amp#27;[90m# stepDefinations.Verify_5OFF_Coupon.Verify_The_price_for_paypal()&amp#27;[0m
  &amp#27;[36mThen &amp#27;[0m&amp#27;[36mRemove the coupon code and check the Message&amp#27;[0m                    &amp#27;[90m# stepDefinations.Verify_5OFF_Coupon.Remove_the_coupon_code_and_check_the_Message()&amp#27;[0m
  &amp#27;[36mThen &amp#27;[0m&amp#27;[36mnavigates back to The pricing page&amp#27;[0m                              &amp#27;[90m# stepDefinations.Verify_5OFF_Coupon.navigates_back_to_The_pricing_page()&amp#27;[0m
  &amp#27;[36mThen &amp#27;[0m&amp#27;[36mclick on join now unlimted users licence option&amp#27;[0m                 &amp#27;[90m# stepDefinations.Verify_5OFF_Coupon.click_on_join_now_unlimted_users_licence_option()&amp#27;[0m
  &amp#27;[36mThen &amp#27;[0m&amp#27;[36mVerify That User Should be on checkout page&amp#27;[0m                     &amp#27;[90m# stepDefinations.Verify_5OFF_Coupon.Verify_That_User_Should_be_on_checkout_page()&amp#27;[0m
  &amp#27;[36mThen &amp#27;[0m&amp#27;[36mselect The Radio button For coupon code and stripe option&amp#27;[0m       &amp#27;[90m# stepDefinations.Verify_5OFF_Coupon.select_The_Radio_button_for_coupon_code_and_stripe_option()&amp#27;[0m
  &amp#27;[36mThen &amp#27;[0m&amp#27;[36mverify the Prices for stripe options&amp#27;[0m                            &amp#27;[90m# stepDefinations.Verify_5OFF_Coupon.verify_the_prices_for_stripe_options()&amp#27;[0m
  &amp#27;[36mThen &amp#27;[0m&amp#27;[36mremove The Applied Coupon Code&amp#27;[0m                                  &amp#27;[90m# stepDefinations.Verify_5OFF_Coupon.remove_the_Applied_Coupon_Code()&amp#27;[0m
  &amp#27;[36mThen &amp#27;[0m&amp#27;[36magain select the radio button for coupon code and Paypal option&amp#27;[0m &amp#27;[90m# stepDefinations.Verify_5OFF_Coupon.again_select_the_radio_button_for_coupon_code_and_Paypal_option()&amp#27;[0m
  &amp#27;[36mThen &amp#27;[0m&amp#27;[36mVerify The Price for Paypal&amp#27;[0m                                     &amp#27;[90m# stepDefinations.Verify_5OFF_Coupon.Verify_the_Price_for_Paypal()&amp#27;[0m
  &amp#27;[36mThen &amp#27;[0m&amp#27;[36mRemove the Coupon code and check the Message&amp#27;[0m                    &amp#27;[90m# stepDefinations.Verify_5OFF_Coupon.Remove_the_Coupon_code_and_check_the_Message()&amp#27;[0m
  &amp#27;[36mThen &amp#27;[0m&amp#27;[36mnavigates back to the Pricing page&amp#27;[0m                              &amp#27;[90m# stepDefinations.Verify_5OFF_Coupon.navigates_back_to_the_Pricing_page()&amp#27;[0m
      &amp#27;[31morg.openqa.selenium.WebDriverException: chrome not reachable
  (Session info: chrome=105.0.5195.102)
Build info: version: '3.141.59', revision: 'e82be7d358', time: '2018-11-14T08:17:03'
System info: host: 'SLIDEQA2', ip: '192.168.0.107', os.name: 'Windows 10', os.arch: 'amd64', os.version: '10.0', java.version: '17'
Driver info: org.openqa.selenium.chrome.ChromeDriver
Capabilities {acceptInsecureCerts: false, browserName: chrome, browserVersion: 105.0.5195.102, chrome: {chromedriverVersion: 105.0.5195.52 (412c95e51883..., userDataDir: C:\Users\SLIDEQ~1\AppData\L...}, goog:chromeOptions: {debuggerAddress: localhost:49912}, javascriptEnabled: true, networkConnectionEnabled: false, pageLoadStrategy: normal, platform: WINDOWS, platformName: WINDOWS, proxy: Proxy(), setWindowRect: true, strictFileInteractability: false, timeouts: {implicit: 0, pageLoad: 300000, script: 30000}, unhandledPromptBehavior: dismiss and notify, webauthn:extension:credBlob: true, webauthn:extension:largeBlob: true, webauthn:virtualAuthenticators: true}
Session ID: 27577134a4b85ddf792033f2a2c56191
	at java.base/jdk.internal.reflect.NativeConstructorAccessorImpl.newInstance0(Native Method)
	at java.base/jdk.internal.reflect.NativeConstructorAccessorImpl.newInstance(NativeConstructorAccessorImpl.java:77)
	at java.base/jdk.internal.reflect.DelegatingConstructorAccessorImpl.newInstance(DelegatingConstructorAccessorImpl.java:45)
	at java.base/java.lang.reflect.Constructor.newInstanceWithCaller(Constructor.java:499)
	at java.base/java.lang.reflect.Constructor.newInstance(Constructor.java:480)
	at org.openqa.selenium.remote.http.W3CHttpResponseCodec.createException(W3CHttpResponseCodec.java:187)
	at org.openqa.selenium.remote.http.W3CHttpResponseCodec.decode(W3CHttpResponseCodec.java:122)
	at org.openqa.selenium.remote.http.W3CHttpResponseCodec.decode(W3CHttpResponseCodec.java:49)
	at org.openqa.selenium.remote.HttpCommandExecutor.execute(HttpCommandExecutor.java:158)
	at org.openqa.selenium.remote.service.DriverCommandExecutor.execute(DriverCommandExecutor.java:83)
	at org.openqa.selenium.remote.RemoteWebDriver.execute(RemoteWebDriver.java:552)
	at org.openqa.selenium.remote.RemoteWebDriver.execute(RemoteWebDriver.java:609)
	at org.openqa.selenium.remote.RemoteWebDriver.getScreenshotAs(RemoteWebDriver.java:295)
	at stepDefinations.TakeImageStep.tearDown(TakeImageStep.java:20)
&amp#27;[0m
]]></system-out>
    <system-err><![CDATA[[1663073545.607][WARNING]: Timed out connecting to Chrome, retrying...
[1663073556.059][WARNING]: Timed out connecting to Chrome, retrying...
]]></system-err>
  </testcase>
  <testcase name="verify the 5OFF coupon for free accounts for education" classname="verify the 5OFF coupon" time="20.911">
    <error message="chrome not reachable&#10;  (Session info: chrome=105.0.5195.102)&#10;Build info: version: &apos;3.141.59&apos;, revision: &apos;e82be7d358&apos;, time: &apos;2018-11-14T08:17:03&apos;&#10;System info: host: &apos;SLIDEQA2&apos;, ip: &apos;192.168.0.107&apos;, os.name: &apos;Windows 10&apos;, os.arch: &apos;amd64&apos;, os.version: &apos;10.0&apos;, java.version: &apos;17&apos;&#10;Driver info: org.openqa.selenium.chrome.ChromeDriver&#10;Capabilities {acceptInsecureCerts: false, browserName: chrome, browserVersion: 105.0.5195.102, chrome: {chromedriverVersion: 105.0.5195.52 (412c95e51883..., userDataDir: C:\Users\SLIDEQ~1\AppData\L...}, goog:chromeOptions: {debuggerAddress: localhost:49912}, javascriptEnabled: true, networkConnectionEnabled: false, pageLoadStrategy: normal, platform: WINDOWS, platformName: WINDOWS, proxy: Proxy(), setWindowRect: true, strictFileInteractability: false, timeouts: {implicit: 0, pageLoad: 300000, script: 30000}, unhandledPromptBehavior: dismiss and notify, webauthn:extension:credBlob: true, webauthn:extension:largeBlob: true, webauthn:virtualAuthenticators: true}&#10;Session ID: 27577134a4b85ddf792033f2a2c56191" type="org.openqa.selenium.WebDriverException"><![CDATA[org.openqa.selenium.WebDriverException: 
chrome not reachable
  (Session info: chrome=105.0.5195.102)
Build info: version: '3.141.59', revision: 'e82be7d358', time: '2018-11-14T08:17:03'
System info: host: 'SLIDEQA2', ip: '192.168.0.107', os.name: 'Windows 10', os.arch: 'amd64', os.version: '10.0', java.version: '17'
Driver info: org.openqa.selenium.chrome.ChromeDriver
Capabilities {acceptInsecureCerts: false, browserName: chrome, browserVersion: 105.0.5195.102, chrome: {chromedriverVersion: 105.0.5195.52 (412c95e51883..., userDataDir: C:\Users\SLIDEQ~1\AppData\L...}, goog:chromeOptions: {debuggerAddress: localhost:49912}, javascriptEnabled: true, networkConnectionEnabled: false, pageLoadStrategy: normal, platform: WINDOWS, platformName: WINDOWS, proxy: Proxy(), setWindowRect: true, strictFileInteractability: false, timeouts: {implicit: 0, pageLoad: 300000, script: 30000}, unhandledPromptBehavior: dismiss and notify, webauthn:extension:credBlob: true, webauthn:extension:largeBlob: true, webauthn:virtualAuthenticators: true}
Session ID: 27577134a4b85ddf792033f2a2c56191
]]></error>
  </testcase>
</testsuite>